BLEChat-master1 (5)/app/build/outputs/logs/manifest-merger-debug-report.txt
-- Merging decision tree log ---
manifest
ADDED from src\main\AndroidManifest.xml:2:1-62:12
	package
		ADDED from src\main\AndroidManifest.xml:3:5-35
		INJECTED from src\main\AndroidManifest.xml
		INJECTED from src\main\AndroidManifest.xml
	android:versionName
		ADDED from src\main\AndroidManifest.xml:5:5-32
		INJECTED from src\main\AndroidManifest.xml
		INJECTED from src\main\AndroidManifest.xml
	android:versionCode
		ADDED from src\main\AndroidManifest.xml:4:5-28
		INJECTED from src\main\AndroidManifest.xml
		INJECTED from src\main\AndroidManifest.xml
	xmlns:android
		ADDED from src\main\AndroidManifest.xml:2:11-69
uses-sdk
ADDED from src\main\AndroidManifest.xml:7:5-9:41
MERGED from [BLEChat-master1 (5):vitamio:unspecified] AndroidManifest.xml:7:5-9:41
MERGED from [com.google.android.gms:play-services-appindexing:8.1.0] AndroidManifest.xml:18:5-42
MERGED from [com.google.android.gms:play-services-basement:8.1.0] AndroidManifest.xml:18:5-42
MERGED from [com.android.support:support-v4:23.4.0] AndroidManifest.xml:20:5-43
	android:targetSdkVersion
		ADDED from src\main\AndroidManifest.xml:9:9-38
		INJECTED from src\main\AndroidManifest.xml
		INJECTED from src\main\AndroidManifest.xml
	android:minSdkVersion
		ADDED from src\main\AndroidManifest.xml:8:9-35
		INJECTED from src\main\AndroidManifest.xml
		INJECTED from src\main\AndroidManifest.xml
uses-permission#android.permission.BLUETOOTH_ADMIN
ADDED from src\main\AndroidManifest.xml:11:5-74
	android:name
		ADDED from src\main\AndroidManifest.xml:11:22-71
uses-permission#android.permission.BLUETOOTH
ADDED from src\main\AndroidManifest.xml:12:5-68
	android:name
		ADDED from src\main\AndroidManifest.xml:12:22-65
uses-permission#android.permission.INTERNET
ADDED from src\main\AndroidManifest.xml:13:5-67
MERGED from [BLEChat-master1 (5):vitamio:unspecified] AndroidManifest.xml:12:5-67
	android:name
		ADDED from src\main\AndroidManifest.xml:13:22-64
uses-permission#android.permission.WRITE_EXTERNAL_STORAGE
ADDED from src\main\AndroidManifest.xml:14:5-81
	android:name
		ADDED from src\main\AndroidManifest.xml:14:22-78
uses-permission#android.permission.
ADDED from src\main\AndroidManifest.xml:15:5-59
	android:name
		ADDED from src\main\AndroidManifest.xml:15:22-56
uses-feature#android.hardware.bluetooth_le
ADDED from src\main\AndroidManifest.xml:16:5-89
	android:required
		ADDED from src\main\AndroidManifest.xml:16:64-87
	android:name
		ADDED from src\main\AndroidManifest.xml:16:19-63
application
ADDED from src\main\AndroidManifest.xml:18:5-60:19
MERGED from [BLEChat-master1 (5):vitamio:unspecified] AndroidManifest.xml:15:5-22:19
MERGED from [com.google.android.gms:play-services-appindexing:8.1.0] AndroidManifest.xml:19:5-20
MERGED from [com.google.android.gms:play-services-basement:8.1.0] AndroidManifest.xml:20:5-24:19
MERGED from [com.android.support:support-v4:23.4.0] AndroidManifest.xml:22:5-20
	android:label
		ADDED from src\main\AndroidManifest.xml:21:9-41
	android:allowBackup
		ADDED from src\main\AndroidManifest.xml:19:9-35
	android:icon
		ADDED from src\main\AndroidManifest.xml:20:9-45
	android:theme
		ADDED from src\main\AndroidManifest.xml:22:9-40
activity#com.hardcopy.blechat.MainActivity
ADDED from src\main\AndroidManifest.xml:25:9-35:20
	android:screenOrientation
		ADDED from src\main\AndroidManifest.xml:30:13-50
	android:label
		ADDED from src\main\AndroidManifest.xml:27:13-45
	android:launchMode
		ADDED from src\main\AndroidManifest.xml:28:13-44
	android:configChanges
		ADDED from src\main\AndroidManifest.xml:29:13-74
	android:name
		ADDED from src\main\AndroidManifest.xml:26:13-61
intent-filter#android.intent.action.MAIN+android.intent.category.LAUNCHER
ADDED from src\main\AndroidManifest.xml:31:13-34:29
action#android.intent.action.MAIN
ADDED from src\main\AndroidManifest.xml:32:17-69
	android:name
		ADDED from src\main\AndroidManifest.xml:32:25-66
category#android.intent.category.LAUNCHER
ADDED from src\main\AndroidManifest.xml:33:17-77
	android:name
		ADDED from src\main\AndroidManifest.xml:33:27-74
activity#com.hardcopy.blechat.DeviceListActivity
ADDED from src\main\AndroidManifest.xml:37:9-41:20
	android:label
		ADDED from src\main\AndroidManifest.xml:38:19-56
	android:configChanges
		ADDED from src\main\AndroidManifest.xml:40:19-80
	android:theme
		ADDED from src\main\AndroidManifest.xml:39:19-62
	android:name
		ADDED from src\main\AndroidManifest.xml:37:19-73
activity#com.hardcopy.blechat.ViewCam
ADDED from src\main\AndroidManifest.xml:42:9-43:62
	android:screenOrientation
		ADDED from src\main\AndroidManifest.xml:43:13-50
	android:name
		ADDED from src\main\AndroidManifest.xml:42:19-42
service#com.hardcopy.blechat.service.BTCTemplateService
ADDED from src\main\AndroidManifest.xml:46:9-51:19
	android:label
		ADDED from src\main\AndroidManifest.xml:49:13-50
	android:configChanges
		ADDED from src\main\AndroidManifest.xml:50:13-74
	android:icon
		ADDED from src\main\AndroidManifest.xml:48:13-49
	android:name
		ADDED from src\main\AndroidManifest.xml:47:13-75
receiver#com.hardcopy.blechat.service.ServiceMonitoring$ServiceMonitoringBR
ADDED from src\main\AndroidManifest.xml:54:9-103
	android:name
		ADDED from src\main\AndroidManifest.xml:54:19-100
meta-data#com.google.android.gms.version
ADDED from src\main\AndroidManifest.xml:56:9-58:69
MERGED from [com.google.android.gms:play-services-basement:8.1.0] AndroidManifest.xml:21:9-23:69
	android:value
		ADDED from src\main\AndroidManifest.xml:58:13-66
	android:name
		ADDED from src\main\AndroidManifest.xml:57:13-58
uses-permission#android.permission.WAKE_LOCK
ADDED from [BLEChat-master1 (5):vitamio:unspecified] AndroidManifest.xml:11:5-68
	android:name
		ADDED from [BLEChat-master1 (5):vitamio:unspecified] AndroidManifest.xml:11:22-65
uses-permission#android.permission.ACCESS_NETWORK_STATE
ADDED from [BLEChat-master1 (5):vitamio:unspecified] AndroidManifest.xml:13:5-79
	android:name
		ADDED from [BLEChat-master1 (5):vitamio:unspecified] AndroidManifest.xml:13:22-76
activity#io.vov.vitamio.activity.InitActivity
ADDED from [BLEChat-master1 (5):vitamio:unspecified] AndroidManifest.xml:16:9-21:63
	android:launchMode
		ADDED from [BLEChat-master1 (5):vitamio:unspecified] AndroidManifest.xml:19:13-43
	android:windowSoftInputMode
		ADDED from [BLEChat-master1 (5):vitamio:unspecified] AndroidManifest.xml:21:13-60
	android:configChanges
		ADDED from [BLEChat-master1 (5):vitamio:unspecified] AndroidManifest.xml:18:13-113
	android:theme
		ADDED from [BLEChat-master1 (5):vitamio:unspecified] AndroidManifest.xml:20:13-60
	android:name
		ADDED from [BLEChat-master1 (5):vitamio:unspecified] AndroidManifest.xml:17:13-64